#
# A fatal error has been detected by the Java Runtime Environment:
#
#  EXCEPTION_ACCESS_VIOLATION (0xc0000005) at pc=0x000000006b654c9f, pid=3384, tid=1744
#
# JRE version: Java(TM) SE Runtime Environment (8.0_65-b17) (build 1.8.0_65-b17)
# Java VM: Java HotSpot(TM) 64-Bit Server VM (25.65-b01 mixed mode windows-amd64 compressed oops)
# Problematic frame:
# V  [jvm.dll+0x464c9f]
#
# Failed to write core dump. Minidumps are not enabled by default on client versions of Windows
#
# If you would like to submit a bug report, please visit:
#   http://bugreport.java.com/bugreport/crash.jsp
#

---------------  T H R E A D  ---------------

Current thread (0x0000000054f6a000):  JavaThread "C2 CompilerThread0" daemon [_thread_in_native, id=1744, stack(0x00000000561c0000,0x00000000562c0000)]

siginfo: ExceptionCode=0xc0000005, reading address 0x0000000100000091

Registers:
RAX=0x0000000100000001, RBX=0x00000000562be720, RCX=0x0000000056c150a8, RDX=0x0000000056bc4b00
RSP=0x00000000562bbf70, RBP=0x0000000000000005, RSI=0x0000000056bc4b00, RDI=0x0000000000000000
R8 =0x0000000000000343, R9 =0x000000000000067a, R10=0x0000000057ed1178, R11=0x00000000000013af
R12=0x00000000562bc150, R13=0x0000000056c150a8, R14=0x0000000000000001, R15=0x0000000056bc4b10
RIP=0x000000006b654c9f, EFLAGS=0x0000000000010202

Top of Stack: (sp=0x00000000562bbf70)
0x00000000562bbf70:   00000000000013ae 0000000000000006
0x00000000562bbf80:   00000000562be720 0000000058081f08
0x00000000562bbf90:   0000000057b567f8 00000000562bbfb8
0x00000000562bbfa0:   0000000056bc4b00 0000000000000343
0x00000000562bbfb0:   0000000000000018 0000000000001393
0x00000000562bbfc0:   000000006b9fad10 0000000056bc4b10
0x00000000562bbfd0:   0000000000000002 0000000000000343
0x00000000562bbfe0:   0000000000000000 0000000000000000
0x00000000562bbff0:   00000000000003d8 00000000565083c8
0x00000000562bc000:   0000000056507ff0 0000000000000000
0x00000000562bc010:   00000000562bc3a0 0000000056507fe0
0x00000000562bc020:   00000000562bc130 000000006b6522a6
0x00000000562bc030:   00000000562bc150 00000000562bc4b0
0x00000000562bc040:   0000000000000001 0000000000000005
0x00000000562bc050:   0000000000000002 0000000056507fe0
0x00000000562bc060:   0000000057ff8230 0000000057ffc200 

Instructions: (pc=0x000000006b654c9f)
0x000000006b654c7f:   49 8b 4c 24 18 48 8b d6 48 8b 49 48 e8 90 78 fe
0x000000006b654c8f:   ff 84 c0 0f 84 fc fb ff ff 49 8b 45 00 49 8b cd
0x000000006b654c9f:   ff 90 90 00 00 00 48 8b d8 48 89 44 24 50 48 85
0x000000006b654caf:   c0 74 16 48 8b c8 e8 c6 1e ff ff 48 8b cb 8b e8 


Register to memory mapping:

RAX=0x0000000100000001 is an unknown value
RBX=0x00000000562be720 is pointing into the stack for thread: 0x0000000054f6a000
RCX=0x0000000056c150a8 is an unknown value
RDX=0x0000000056bc4b00 is an unknown value
RSP=0x00000000562bbf70 is pointing into the stack for thread: 0x0000000054f6a000
RBP=0x0000000000000005 is an unknown value
RSI=0x0000000056bc4b00 is an unknown value
RDI=0x0000000000000000 is an unknown value
R8 =0x0000000000000343 is an unknown value
R9 =0x000000000000067a is an unknown value
R10=0x0000000057ed1178 is an unknown value
R11=0x00000000000013af is an unknown value
R12=0x00000000562bc150 is pointing into the stack for thread: 0x0000000054f6a000
R13=0x0000000056c150a8 is an unknown value
R14=0x0000000000000001 is an unknown value
R15=0x0000000056bc4b10 is an unknown value


Stack: [0x00000000561c0000,0x00000000562c0000],  sp=0x00000000562bbf70,  free space=1007k
Native frames: (J=compiled Java code, j=interpreted, Vv=VM code, C=native code)
V  [jvm.dll+0x464c9f]
V  [jvm.dll+0x4622a6]
V  [jvm.dll+0x46d52b]
V  [jvm.dll+0x46fb42]
V  [jvm.dll+0x452cc2]
V  [jvm.dll+0xa4672]
V  [jvm.dll+0xa4faf]
V  [jvm.dll+0x243144]
V  [jvm.dll+0x299f7a]
C  [msvcr100.dll+0x21d9f]
C  [msvcr100.dll+0x21e3b]
C  [kernel32.dll+0x1652d]
C  [ntdll.dll+0x2c541]


Current CompileTask:
C2:   3525 2279       4       java.net.URLClassLoader$1::run (5 bytes)


---------------  P R O C E S S  ---------------

Java Threads: ( => current thread )
  0x0000000054fcf000 JavaThread "Service Thread" daemon [_thread_blocked, id=3352, stack(0x0000000055890000,0x0000000055990000)]
  0x0000000054fc9800 JavaThread "C1 CompilerThread1" daemon [_thread_blocked, id=3360, stack(0x0000000056400000,0x0000000056500000)]
=>0x0000000054f6a000 JavaThread "C2 CompilerThread0" daemon [_thread_in_native, id=1744, stack(0x00000000561c0000,0x00000000562c0000)]
  0x0000000054f67000 JavaThread "Attach Listener" daemon [_thread_blocked, id=1888, stack(0x0000000055fd0000,0x00000000560d0000)]
  0x0000000054f65800 JavaThread "Signal Dispatcher" daemon [_thread_blocked, id=3244, stack(0x0000000055ed0000,0x0000000055fd0000)]
  0x0000000054f06000 JavaThread "Finalizer" daemon [_thread_blocked, id=3372, stack(0x0000000055d30000,0x0000000055e30000)]
  0x0000000054f03000 JavaThread "Reference Handler" daemon [_thread_blocked, id=3364, stack(0x0000000055b60000,0x0000000055c60000)]
  0x000000000221f000 JavaThread "main" [_thread_blocked, id=2132, stack(0x0000000002580000,0x0000000002680000)]

Other Threads:
  0x0000000054efd000 VMThread [stack: 0x00000000559a0000,0x0000000055aa0000] [id=3276]
  0x0000000056506000 WatcherThread [stack: 0x0000000056930000,0x0000000056a30000] [id=2844]

VM state:not at safepoint (normal execution)

VM Mutex/Monitor currently owned by a thread:  ([mutex/lock_event])
[0x000000000221db10] CompiledIC_lock - owner thread: 0x000000000221f000

Heap:
 PSYoungGen      total 68096K, used 19552K [0x00000000eab00000, 0x00000000f4300000, 0x0000000100000000)
  eden space 65536K, 25% used [0x00000000eab00000,0x00000000ebb9c258,0x00000000eeb00000)
  from space 2560K, 99% used [0x00000000eeb00000,0x00000000eed7c010,0x00000000eed80000)
  to   space 12288K, 0% used [0x00000000f3700000,0x00000000f3700000,0x00000000f4300000)
 ParOldGen       total 44032K, used 17633K [0x00000000c0000000, 0x00000000c2b00000, 0x00000000eab00000)
  object space 44032K, 40% used [0x00000000c0000000,0x00000000c1138488,0x00000000c2b00000)
 Metaspace       used 18617K, capacity 18982K, committed 19072K, reserved 1067008K
  class space    used 2260K, capacity 2383K, committed 2432K, reserved 1048576K

Card table byte_map: [0x0000000011d10000,0x0000000011f20000] byte_map_base: 0x0000000011710000

Marking Bits: (ParMarkBitMap*) 0x000000006b9fa5b0
 Begin Bits: [0x00000000123d0000, 0x00000000133d0000)
 End Bits:   [0x00000000133d0000, 0x00000000143d0000)

Polling page: 0x0000000000140000

CodeCache: size=245760Kb used=7640Kb max_used=7640Kb free=238120Kb
 bounds [0x0000000002950000, 0x00000000030d0000, 0x0000000011950000]
 total_blobs=2932 nmethods=2577 adapters=268
 compilation: enabled

Compilation events (10 events):
Event: 3.505 Thread 0x0000000054fc9800 nmethod 2593 0x00000000030c1810 code [0x00000000030c1960, 0x00000000030c1a70]
Event: 3.505 Thread 0x0000000054fc9800 2600       2       com.sun.tools.javac.comp.Attr::checkId (59 bytes)
Event: 3.505 Thread 0x0000000054fc9800 nmethod 2600 0x00000000030c1ad0 code [0x00000000030c1c60, 0x00000000030c1ef8]
Event: 3.505 Thread 0x0000000054fc9800 2599       1       com.sun.tools.javac.comp.Resolve$ResolveError::exists (2 bytes)
Event: 3.505 Thread 0x0000000054fc9800 nmethod 2599 0x00000000030c20d0 code [0x00000000030c2220, 0x00000000030c2330]
Event: 3.505 Thread 0x0000000054fc9800 2601       2       com.sun.tools.javac.code.Symbol$VarSymbol::<init> (22 bytes)
Event: 3.505 Thread 0x0000000054fc9800 nmethod 2601 0x00000000030c2390 code [0x00000000030c2500, 0x00000000030c26a8]
Event: 3.505 Thread 0x0000000054fc9800 2602       2       com.sun.tools.javac.code.Types$19::visitClassType (122 bytes)
Event: 3.506 Thread 0x0000000054fc9800 nmethod 2602 0x00000000030c2750 code [0x00000000030c2940, 0x00000000030c2e48]
Event: 3.506 Thread 0x0000000054fc9800 2604       2       com.sun.tools.javac.comp.Check::checkDisjoint (63 bytes)

GC Heap History (10 events):
Event: 0.516 GC heap before
{Heap before GC invocations=1 (full 0):
 PSYoungGen      total 18944K, used 16384K [0x00000000eab00000, 0x00000000ec000000, 0x0000000100000000)
  eden space 16384K, 100% used [0x00000000eab00000,0x00000000ebb00000,0x00000000ebb00000)
  from space 2560K, 0% used [0x00000000ebd80000,0x00000000ebd80000,0x00000000ec000000)
  to   space 2560K, 0% used [0x00000000ebb00000,0x00000000ebb00000,0x00000000ebd80000)
 ParOldGen       total 44032K, used 0K [0x00000000c0000000, 0x00000000c2b00000, 0x00000000eab00000)
  object space 44032K, 0% used [0x00000000c0000000,0x00000000c0000000,0x00000000c2b00000)
 Metaspace       used 6695K, capacity 6824K, committed 7040K, reserved 1056768K
  class space    used 817K, capacity 892K, committed 896K, reserved 1048576K
Event: 0.538 GC heap after
Heap after GC invocations=1 (full 0):
 PSYoungGen      total 18944K, used 2540K [0x00000000eab00000, 0x00000000ed000000, 0x0000000100000000)
  eden space 16384K, 0% used [0x00000000eab00000,0x00000000eab00000,0x00000000ebb00000)
  from space 2560K, 99% used [0x00000000ebb00000,0x00000000ebd7b098,0x00000000ebd80000)
  to   space 2560K, 0% used [0x00000000ecd80000,0x00000000ecd80000,0x00000000ed000000)
 ParOldGen       total 44032K, used 618K [0x00000000c0000000, 0x00000000c2b00000, 0x00000000eab00000)
  object space 44032K, 1% used [0x00000000c0000000,0x00000000c009a808,0x00000000c2b00000)
 Metaspace       used 6695K, capacity 6824K, committed 7040K, reserved 1056768K
  class space    used 817K, capacity 892K, committed 896K, reserved 1048576K
}
Event: 0.766 GC heap before
{Heap before GC invocations=2 (full 0):
 PSYoungGen      total 18944K, used 18924K [0x00000000eab00000, 0x00000000ed000000, 0x0000000100000000)
  eden space 16384K, 100% used [0x00000000eab00000,0x00000000ebb00000,0x00000000ebb00000)
  from space 2560K, 99% used [0x00000000ebb00000,0x00000000ebd7b098,0x00000000ebd80000)
  to   space 2560K, 0% used [0x00000000ecd80000,0x00000000ecd80000,0x00000000ed000000)
 ParOldGen       total 44032K, used 618K [0x00000000c0000000, 0x00000000c2b00000, 0x00000000eab00000)
  object space 44032K, 1% used [0x00000000c0000000,0x00000000c009a808,0x00000000c2b00000)
 Metaspace       used 7618K, capacity 7790K, committed 7936K, reserved 1056768K
  class space    used 960K, capacity 1021K, committed 1024K, reserved 1048576K
Event: 0.819 GC heap after
Heap after GC invocations=2 (full 0):
 PSYoungGen      total 35328K, used 2552K [0x00000000eab00000, 0x00000000ed000000, 0x0000000100000000)
  eden space 32768K, 0% used [0x00000000eab00000,0x00000000eab00000,0x00000000ecb00000)
  from space 2560K, 99% used [0x00000000ecd80000,0x00000000ecffe3f0,0x00000000ed000000)
  to   space 2560K, 0% used [0x00000000ecb00000,0x00000000ecb00000,0x00000000ecd80000)
 ParOldGen       total 44032K, used 618K [0x00000000c0000000, 0x00000000c2b00000, 0x00000000eab00000)
  object space 44032K, 1% used [0x00000000c0000000,0x00000000c009a808,0x00000000c2b00000)
 Metaspace       used 7618K, capacity 7790K, committed 7936K, reserved 1056768K
  class space    used 960K, capacity 1021K, committed 1024K, reserved 1048576K
}
Event: 1.601 GC heap before
{Heap before GC invocations=3 (full 0):
 PSYoungGen      total 35328K, used 35320K [0x00000000eab00000, 0x00000000ed000000, 0x0000000100000000)
  eden space 32768K, 100% used [0x00000000eab00000,0x00000000ecb00000,0x00000000ecb00000)
  from space 2560K, 99% used [0x00000000ecd80000,0x00000000ecffe3f0,0x00000000ed000000)
  to   space 2560K, 0% used [0x00000000ecb00000,0x00000000ecb00000,0x00000000ecd80000)
 ParOldGen       total 44032K, used 618K [0x00000000c0000000, 0x00000000c2b00000, 0x00000000eab00000)
  object space 44032K, 1% used [0x00000000c0000000,0x00000000c009a808,0x00000000c2b00000)
 Metaspace       used 12141K, capacity 12388K, committed 12672K, reserved 1060864K
  class space    used 1490K, capacity 1547K, committed 1664K, reserved 1048576K
Event: 1.614 GC heap after
Heap after GC invocations=3 (full 0):
 PSYoungGen      total 35328K, used 2544K [0x00000000eab00000, 0x00000000ef000000, 0x0000000100000000)
  eden space 32768K, 0% used [0x00000000eab00000,0x00000000eab00000,0x00000000ecb00000)
  from space 2560K, 99% used [0x00000000ecb00000,0x00000000ecd7c010,0x00000000ecd80000)
  to   space 2560K, 0% used [0x00000000eed80000,0x00000000eed80000,0x00000000ef000000)
 ParOldGen       total 44032K, used 5004K [0x00000000c0000000, 0x00000000c2b00000, 0x00000000eab00000)
  object space 44032K, 11% used [0x00000000c0000000,0x00000000c04e3018,0x00000000c2b00000)
 Metaspace       used 12141K, capacity 12388K, committed 12672K, reserved 1060864K
  class space    used 1490K, capacity 1547K, committed 1664K, reserved 1048576K
}
Event: 2.141 GC heap before
{Heap before GC invocations=4 (full 0):
 PSYoungGen      total 35328K, used 35312K [0x00000000eab00000, 0x00000000ef000000, 0x0000000100000000)
  eden space 32768K, 100% used [0x00000000eab00000,0x00000000ecb00000,0x00000000ecb00000)
  from space 2560K, 99% used [0x00000000ecb00000,0x00000000ecd7c010,0x00000000ecd80000)
  to   space 2560K, 0% used [0x00000000eed80000,0x00000000eed80000,0x00000000ef000000)
 ParOldGen       total 44032K, used 5004K [0x00000000c0000000, 0x00000000c2b00000, 0x00000000eab00000)
  object space 44032K, 11% used [0x00000000c0000000,0x00000000c04e3018,0x00000000c2b00000)
 Metaspace       used 12933K, capacity 13244K, committed 13440K, reserved 1060864K
  class space    used 1578K, capacity 1657K, committed 1664K, reserved 1048576K
Event: 2.155 GC heap after
Heap after GC invocations=4 (full 0):
 PSYoungGen      total 68096K, used 2544K [0x00000000eab00000, 0x00000000ef000000, 0x0000000100000000)
  eden space 65536K, 0% used [0x00000000eab00000,0x00000000eab00000,0x00000000eeb00000)
  from space 2560K, 99% used [0x00000000eed80000,0x00000000eeffc010,0x00000000ef000000)
  to   space 2560K, 0% used [0x00000000eeb00000,0x00000000eeb00000,0x00000000eed80000)
 ParOldGen       total 44032K, used 7780K [0x00000000c0000000, 0x00000000c2b00000, 0x00000000eab00000)
  object space 44032K, 17% used [0x00000000c0000000,0x00000000c0799048,0x00000000c2b00000)
 Metaspace       used 12933K, capacity 13244K, committed 13440K, reserved 1060864K
  class space    used 1578K, capacity 1657K, committed 1664K, reserved 1048576K
}
Event: 3.329 GC heap before
{Heap before GC invocations=5 (full 0):
 PSYoungGen      total 68096K, used 68080K [0x00000000eab00000, 0x00000000ef000000, 0x0000000100000000)
  eden space 65536K, 100% used [0x00000000eab00000,0x00000000eeb00000,0x00000000eeb00000)
  from space 2560K, 99% used [0x00000000eed80000,0x00000000eeffc010,0x00000000ef000000)
  to   space 2560K, 0% used [0x00000000eeb00000,0x00000000eeb00000,0x00000000eed80000)
 ParOldGen       total 44032K, used 7780K [0x00000000c0000000, 0x00000000c2b00000, 0x00000000eab00000)
  object space 44032K, 17% used [0x00000000c0000000,0x00000000c0799048,0x00000000c2b00000)
 Metaspace       used 18061K, capacity 18438K, committed 18688K, reserved 1064960K
  class space    used 2183K, capacity 2287K, committed 2304K, reserved 1048576K
Event: 3.355 GC heap after
Heap after GC invocations=5 (full 0):
 PSYoungGen      total 68096K, used 2544K [0x00000000eab00000, 0x00000000f4300000, 0x0000000100000000)
  eden space 65536K, 0% used [0x00000000eab00000,0x00000000eab00000,0x00000000eeb00000)
  from space 2560K, 99% used [0x00000000eeb00000,0x00000000eed7c010,0x00000000eed80000)
  to   space 12288K, 0% used [0x00000000f3700000,0x00000000f3700000,0x00000000f4300000)
 ParOldGen       total 44032K, used 17633K [0x00000000c0000000, 0x00000000c2b00000, 0x00000000eab00000)
  object space 44032K, 40% used [0x00000000c0000000,0x00000000c1138488,0x00000000c2b00000)
 Metaspace       used 18061K, capacity 18438K, committed 18688K, reserved 1064960K
  class space    used 2183K, capacity 2287K, committed 2304K, reserved 1048576K
}

Deoptimization events (10 events):
Event: 1.966 Thread 0x000000000221f000 Uncommon trap: reason=bimorphic action=maybe_recompile pc=0x0000000002e68504 method=java.util.concurrent.ConcurrentHashMap.get(Ljava/lang/Object;)Ljava/lang/Object; @ 149
Event: 1.995 Thread 0x000000000221f000 Uncommon trap: reason=bimorphic action=maybe_recompile pc=0x0000000002e68504 method=java.util.concurrent.ConcurrentHashMap.get(Ljava/lang/Object;)Ljava/lang/Object; @ 149
Event: 2.164 Thread 0x000000000221f000 Uncommon trap: reason=bimorphic action=maybe_recompile pc=0x0000000002e6610c method=java.util.HashMap.putVal(ILjava/lang/Object;Ljava/lang/Object;ZZ)Ljava/lang/Object; @ 203
Event: 3.082 Thread 0x000000000221f000 Uncommon trap: reason=class_check action=maybe_recompile pc=0x0000000002ae49c0 method=sun.misc.URLClassPath.getLoader(I)Lsun/misc/URLClassPath$Loader; @ 94
Event: 3.083 Thread 0x000000000221f000 Uncommon trap: reason=class_check action=maybe_recompile pc=0x0000000002ae49c0 method=sun.misc.URLClassPath.getLoader(I)Lsun/misc/URLClassPath$Loader; @ 94
Event: 3.215 Thread 0x000000000221f000 Uncommon trap: reason=unstable_if action=reinterpret pc=0x0000000002e701e0 method=java.io.WinNTFileSystem.normalize(Ljava/lang/String;)Ljava/lang/String; @ 128
Event: 3.279 Thread 0x000000000221f000 Uncommon trap: reason=unstable_if action=reinterpret pc=0x0000000002e7438c method=java.util.LinkedHashMap.afterNodeInsertion(Z)V @ 18
Event: 3.467 Thread 0x000000000221f000 Uncommon trap: reason=bimorphic action=maybe_recompile pc=0x0000000002e660d0 method=java.util.HashMap.putVal(ILjava/lang/Object;Ljava/lang/Object;ZZ)Ljava/lang/Object; @ 253
Event: 3.472 Thread 0x000000000221f000 Uncommon trap: reason=bimorphic action=maybe_recompile pc=0x0000000002e660d0 method=java.util.HashMap.putVal(ILjava/lang/Object;Ljava/lang/Object;ZZ)Ljava/lang/Object; @ 253
Event: 3.472 Thread 0x000000000221f000 Uncommon trap: reason=bimorphic action=maybe_recompile pc=0x0000000002e660d0 method=java.util.HashMap.putVal(ILjava/lang/Object;Ljava/lang/Object;ZZ)Ljava/lang/Object; @ 253

Internal exceptions (10 events):
Event: 1.576 Thread 0x000000000221f000 Implicit null exception at 0x0000000002ccf3c5 to 0x0000000002ccf599
Event: 1.576 Thread 0x000000000221f000 Implicit null exception at 0x0000000002c37faf to 0x0000000002c38015
Event: 1.710 Thread 0x000000000221f000 Implicit null exception at 0x0000000002ca6beb to 0x0000000002ca72f9
Event: 1.778 Thread 0x000000000221f000 Exception <a 'java/lang/NoClassDefFoundError': org/slf4j/Logger> (0x00000000ebab4f88) thrown at [C:\workspace\8-2-build-windows-amd64-cygwin\jdk8u65\4987\hotspot\src\share\vm\oops\constantPool.cpp, line 235]
Event: 2.165 Thread 0x000000000221f000 Exception <a 'java/lang/NoClassDefFoundError': org/slf4j/Logger> (0x00000000eaba2318) thrown at [C:\workspace\8-2-build-windows-amd64-cygwin\jdk8u65\4987\hotspot\src\share\vm\oops\constantPool.cpp, line 235]
Event: 2.710 Thread 0x000000000221f000 Exception <a 'java/lang/NoClassDefFoundError': org/slf4j/Logger> (0x00000000ecdece88) thrown at [C:\workspace\8-2-build-windows-amd64-cygwin\jdk8u65\4987\hotspot\src\share\vm\oops\constantPool.cpp, line 235]
Event: 2.767 Thread 0x000000000221f000 Exception <a 'java/lang/ClassNotFoundException': com/sun/tools/javac/api/JavacTool> (0x00000000ecfd0228) thrown at [C:\workspace\8-2-build-windows-amd64-cygwin\jdk8u65\4987\hotspot\src\share\vm\classfile\systemDictionary.cpp, line 210]
Event: 3.186 Thread 0x000000000221f000 Exception <a 'java/io/FileNotFoundException'> (0x00000000ee2c2328) thrown at [C:\workspace\8-2-build-windows-amd64-cygwin\jdk8u65\4987\hotspot\src\share\vm\prims\jni.cpp, line 709]
Event: 3.188 Thread 0x000000000221f000 Exception <a 'java/io/FileNotFoundException'> (0x00000000ee2f6148) thrown at [C:\workspace\8-2-build-windows-amd64-cygwin\jdk8u65\4987\hotspot\src\share\vm\prims\jni.cpp, line 709]
Event: 3.188 Thread 0x000000000221f000 Exception <a 'java/io/FileNotFoundException'> (0x00000000ee2f6d58) thrown at [C:\workspace\8-2-build-windows-amd64-cygwin\jdk8u65\4987\hotspot\src\share\vm\prims\jni.cpp, line 709]

Events (10 events):
Event: 3.482 loading class javax/tools/StandardLocation$2
Event: 3.482 loading class javax/tools/StandardLocation$2 done
Event: 3.483 loading class com/sun/tools/javac/jvm/ClassWriter$1
Event: 3.483 loading class com/sun/tools/javac/jvm/ClassWriter$1 done
Event: 3.483 loading class com/sun/tools/javac/code/Attribute$RetentionPolicy
Event: 3.483 loading class com/sun/tools/javac/code/Attribute$RetentionPolicy done
Event: 3.484 loading class com/sun/tools/javac/jvm/ClassFile$NameAndType
Event: 3.484 loading class com/sun/tools/javac/jvm/ClassFile$NameAndType done
Event: 3.485 loading class com/sun/tools/javac/jvm/Pool$Variable
Event: 3.485 loading class com/sun/tools/javac/jvm/Pool$Variable done


Dynamic libraries:
0x000000013f8a0000 - 0x000000013f8d7000 	C:\Program Files\Java\jdk1.8.0_65\bin\java.exe
0x00000000772e0000 - 0x0000000077489000 	C:\Windows\SYSTEM32\ntdll.dll
0x00000000770c0000 - 0x00000000771df000 	C:\Windows\system32\kernel32.dll
0x000007fefd340000 - 0x000007fefd3ab000 	C:\Windows\system32\KERNELBASE.dll
0x000007fefef30000 - 0x000007feff00b000 	C:\Windows\system32\ADVAPI32.dll
0x000007fefdba0000 - 0x000007fefdc3f000 	C:\Windows\system32\msvcrt.dll
0x000007feff530000 - 0x000007feff54f000 	C:\Windows\SYSTEM32\sechost.dll
0x000007fefddf0000 - 0x000007fefdf1d000 	C:\Windows\system32\RPCRT4.dll
0x00000000771e0000 - 0x00000000772da000 	C:\Windows\system32\USER32.dll
0x000007fefd8f0000 - 0x000007fefd957000 	C:\Windows\system32\GDI32.dll
0x000007fefdf20000 - 0x000007fefdf2e000 	C:\Windows\system32\LPK.dll
0x000007fefecc0000 - 0x000007fefed89000 	C:\Windows\system32\USP10.dll
0x000007fefbc80000 - 0x000007fefbe74000 	C:\Windows\WinSxS\amd64_microsoft.windows.common-controls_6595b64144ccf1df_6.0.7601.17514_none_fa396087175ac9ac\COMCTL32.dll
0x000007fefdd70000 - 0x000007fefdde1000 	C:\Windows\system32\SHLWAPI.dll
0x000007feff010000 - 0x000007feff03e000 	C:\Windows\system32\IMM32.DLL
0x000007feff120000 - 0x000007feff229000 	C:\Windows\system32\MSCTF.dll
0x0000000071670000 - 0x0000000071742000 	C:\Program Files\Java\jdk1.8.0_65\jre\bin\msvcr100.dll
0x000000006b1f0000 - 0x000000006ba79000 	C:\Program Files\Java\jdk1.8.0_65\jre\bin\server\jvm.dll
0x000007fefa8b0000 - 0x000007fefa8b9000 	C:\Windows\system32\WSOCK32.dll
0x000007feff230000 - 0x000007feff27d000 	C:\Windows\system32\WS2_32.dll
0x000007fefd8e0000 - 0x000007fefd8e8000 	C:\Windows\system32\NSI.dll
0x000007fefb470000 - 0x000007fefb4ab000 	C:\Windows\system32\WINMM.dll
0x000007fefc380000 - 0x000007fefc38c000 	C:\Windows\system32\VERSION.dll
0x00000000774a0000 - 0x00000000774a7000 	C:\Windows\system32\PSAPI.DLL
0x00000000717e0000 - 0x00000000717ef000 	C:\Program Files\Java\jdk1.8.0_65\jre\bin\verify.dll
0x00000000717b0000 - 0x00000000717d9000 	C:\Program Files\Java\jdk1.8.0_65\jre\bin\java.dll
0x0000000071790000 - 0x00000000717a6000 	C:\Program Files\Java\jdk1.8.0_65\jre\bin\zip.dll
0x000007fefdf30000 - 0x000007fefecb8000 	C:\Windows\system32\SHELL32.dll
0x000007feff280000 - 0x000007feff483000 	C:\Windows\system32\ole32.dll
0x000007fefd230000 - 0x000007fefd23f000 	C:\Windows\system32\profapi.dll
0x000007fefd100000 - 0x000007fefd157000 	C:\Windows\system32\apphelp.dll
0x0000000071770000 - 0x000000007178a000 	C:\Program Files\Java\jdk1.8.0_65\jre\bin\net.dll
0x000007fefcaa0000 - 0x000007fefcaf5000 	C:\Windows\system32\mswsock.dll
0x000007fefca90000 - 0x000007fefca97000 	C:\Windows\System32\wship6.dll
0x0000000071750000 - 0x0000000071761000 	C:\Program Files\Java\jdk1.8.0_65\jre\bin\nio.dll
0x000007fef7420000 - 0x000007fef7545000 	C:\Windows\system32\dbghelp.dll

VM Arguments:
jvm_args: -Dclassworlds.conf=C:\Program Files\NetBeans 8.1\java\maven\bin\m2.conf -Dmaven.home=C:\Program Files\NetBeans 8.1\java\maven 
java_command: org.codehaus.plexus.classworlds.launcher.Launcher -Drunfx.args=-jar "${project.build.directory}/${project.build.finalName}.jar"  -Dmaven.ext.class.path=C:\Program Files\NetBeans 8.1\java\maven-nblib\netbeans-eventspy.jar -Dfile.encoding=UTF-8 clean package org.codehaus.mojo:exec-maven-plugin:1.2.1:exec
java_class_path (initial): C:\Program Files\NetBeans 8.1\java\maven\boot\plexus-classworlds-2.4.jar
Launcher Type: SUN_STANDARD

Environment Variables:
JAVA_HOME=C:\Program Files\Java\jdk1.8.0_65
PATH=C:\ProgramData\Oracle\Java\javapath;C:\Windows\system32;C:\Windows;C:\Windows\System32\Wbem;C:\Windows\System32\WindowsPowerShell\v1.0\;C:\Program Files (x86)\Skype\Phone\;C:\Windows\system32\config\systemprofile\.dnx\bin;C:\Program Files\Microsoft DNX\Dnvm\;C:\Program Files\Microsoft SQL Server\120\Tools\Binn\
USERNAME=ra.grinfeld
OS=Windows_NT
PROCESSOR_IDENTIFIER=AMD64 Family 16 Model 6 Stepping 3, AuthenticAMD



---------------  S Y S T E M  ---------------

OS: Windows 7 , 64 bit Build 7601 (6.1.7601.18015)

CPU:total 2 (2 cores per cpu, 1 threads per core) family 16 model 6 stepping 3, cmov, cx8, fxsr, mmx, sse, sse2, sse3, popcnt, mmxext, 3dnowpref, lzcnt, sse4a, tsc, tscinvbit, tscinv

Memory: 4k page, physical 4192732k(1798520k free), swap 8383600k(5585332k free)

vm_info: Java HotSpot(TM) 64-Bit Server VM (25.65-b01) for windows-amd64 JRE (1.8.0_65-b17), built on Oct  6 2015 16:39:20 by "java_re" with MS VC++ 10.0 (VS2010)

time: Thu Mar 03 12:40:01 2016
elapsed time: 3 seconds (0d 0h 0m 3s)

