#
# A fatal error has been detected by the Java Runtime Environment:
#
#  EXCEPTION_ACCESS_VIOLATION (0xc0000005) at pc=0x000000006b64f1cf, pid=1164, tid=4000
#
# JRE version: Java(TM) SE Runtime Environment (8.0_65-b17) (build 1.8.0_65-b17)
# Java VM: Java HotSpot(TM) 64-Bit Server VM (25.65-b01 mixed mode windows-amd64 compressed oops)
# Problematic frame:
# V  [jvm.dll+0x45f1cf]
#
# Failed to write core dump. Minidumps are not enabled by default on client versions of Windows
#
# If you would like to submit a bug report, please visit:
#   http://bugreport.java.com/bugreport/crash.jsp
#

---------------  T H R E A D  ---------------

Current thread (0x0000000054cb7800):  JavaThread "C2 CompilerThread0" daemon [_thread_in_native, id=4000, stack(0x0000000056040000,0x0000000056140000)]

siginfo: ExceptionCode=0xc0000005, reading address 0x00000001b04d7f60

Registers:
RAX=0x0000000056c24b00, RBX=0x0000000057387bf0, RCX=0x000000005662ccb8, RDX=0x000000005662cd18
RSP=0x000000005613c6e0, RBP=0xffffffffffffffff, RSI=0x000000005693f1a8, RDI=0x00000000568e7e30
R8 =0x0000000000000001, R9 =0x0000000000000001, R10=0x000000000000001a, R11=0x0000000000000000
R12=0x000000005613caf0, R13=0x0000000000000000, R14=0x000000006b1f0000, R15=0x0000000000000001
RIP=0x000000006b64f1cf, EFLAGS=0x0000000000010206

Top of Stack: (sp=0x000000005613c6e0)
0x000000005613c6e0:   0000000057398740 0000000056978c18
0x000000005613c6f0:   00000000568e7e30 ffffffffffffffff
0x000000005613c700:   00000003000000a8 00000000568e7e30
0x000000005613c710:   0000000000000030 00000000000000a8
0x000000005613c720:   0000000000000000 0000000000000000
0x000000005613c730:   000000005613c800 00000000000003d8
0x000000005613c740:   0000000054cf1d18 0000000054cf1940
0x000000005613c750:   000000005613c880 0000000000000000
0x000000005613c760:   000000005613caf0 0000000054cf1930
0x000000005613c770:   000000005613cc00 000000006b652489
0x000000005613c780:   000000005613caf0 000000005613c801
0x000000005613c790:   00000000ffffffff 0000000000000006
0x000000005613c7a0:   0000000000000002 0000000054cf1930
0x000000005613c7b0:   0000000057380080 00000000573af6c0
0x000000005613c7c0:   00000000573af6c0 0000000000073528
0x000000005613c7d0:   0000000000000002 0000000054cf0550 

Instructions: (pc=0x000000006b64f1cf)
0x000000006b64f1af:   45 85 c0 74 32 81 4b 68 00 10 00 00 48 8b 46 08
0x000000006b64f1bf:   4a 8b 0c c0 49 8b 84 24 28 01 00 00 48 63 51 28
0x000000006b64f1cf:   8b 0c 90 49 8b 44 24 70 48 6b c9 70 48 03 48 20
0x000000006b64f1df:   81 49 68 00 10 00 00 48 8b 06 48 8b ce ff 50 28 


Register to memory mapping:

RAX=0x0000000056c24b00 is an unknown value
RBX=0x0000000057387bf0 is an unknown value
RCX=0x000000005662ccb8 is an unknown value
RDX=0x000000005662cd18 is an unknown value
RSP=0x000000005613c6e0 is pointing into the stack for thread: 0x0000000054cb7800
RBP=0xffffffffffffffff is an unknown value
RSI=0x000000005693f1a8 is an unknown value
RDI=0x00000000568e7e30 is an unknown value
R8 =0x0000000000000001 is an unknown value
R9 =0x0000000000000001 is an unknown value
R10=0x000000000000001a is an unknown value
R11=0x0000000000000000 is an unknown value
R12=0x000000005613caf0 is pointing into the stack for thread: 0x0000000054cb7800
R13=0x0000000000000000 is an unknown value
R14=0x000000006b1f0000 is an unknown value
R15=0x0000000000000001 is an unknown value


Stack: [0x0000000056040000,0x0000000056140000],  sp=0x000000005613c6e0,  free space=1009k
Native frames: (J=compiled Java code, j=interpreted, Vv=VM code, C=native code)
V  [jvm.dll+0x45f1cf]
V  [jvm.dll+0x462489]
V  [jvm.dll+0x46d52b]
V  [jvm.dll+0x46fb42]
V  [jvm.dll+0x452cc2]
V  [jvm.dll+0xa4672]
V  [jvm.dll+0xa4faf]
V  [jvm.dll+0x243144]
V  [jvm.dll+0x299f7a]
C  [msvcr100.dll+0x21d9f]
C  [msvcr100.dll+0x21e3b]
C  [kernel32.dll+0x1652d]
C  [ntdll.dll+0x2c541]


Current CompileTask:
C2:   2749 1528       4       org.codehaus.plexus.util.xml.pull.MXParser::parseAttribute (1629 bytes)


---------------  P R O C E S S  ---------------

Java Threads: ( => current thread )
  0x0000000054cc7800 JavaThread "Service Thread" daemon [_thread_blocked, id=4780, stack(0x0000000056280000,0x0000000056380000)]
  0x0000000054cbb800 JavaThread "C1 CompilerThread1" daemon [_thread_blocked, id=1636, stack(0x0000000055c40000,0x0000000055d40000)]
=>0x0000000054cb7800 JavaThread "C2 CompilerThread0" daemon [_thread_in_native, id=4000, stack(0x0000000056040000,0x0000000056140000)]
  0x0000000054cb4800 JavaThread "Attach Listener" daemon [_thread_blocked, id=4268, stack(0x0000000055f20000,0x0000000056020000)]
  0x0000000054cb3800 JavaThread "Signal Dispatcher" daemon [_thread_blocked, id=4108, stack(0x0000000055d50000,0x0000000055e50000)]
  0x0000000054c56000 JavaThread "Finalizer" daemon [_thread_blocked, id=4932, stack(0x0000000055b00000,0x0000000055c00000)]
  0x0000000054c52800 JavaThread "Reference Handler" daemon [_thread_blocked, id=5084, stack(0x0000000055910000,0x0000000055a10000)]
  0x000000000214f000 JavaThread "main" [_thread_in_vm, id=1196, stack(0x0000000002300000,0x0000000002400000)]

Other Threads:
  0x0000000054c4d000 VMThread [stack: 0x00000000556b0000,0x00000000557b0000] [id=4376]
  0x0000000054d1f800 WatcherThread [stack: 0x00000000557f0000,0x00000000558f0000] [id=2816]

VM state:not at safepoint (normal execution)

VM Mutex/Monitor currently owned by a thread: None

Heap:
 PSYoungGen      total 35328K, used 21650K [0x00000000eab00000, 0x00000000ef000000, 0x0000000100000000)
  eden space 32768K, 58% used [0x00000000eab00000,0x00000000ebdab660,0x00000000ecb00000)
  from space 2560K, 98% used [0x00000000ecb00000,0x00000000ecd793b8,0x00000000ecd80000)
  to   space 2560K, 0% used [0x00000000eed80000,0x00000000eed80000,0x00000000ef000000)
 ParOldGen       total 44032K, used 5035K [0x00000000c0000000, 0x00000000c2b00000, 0x00000000eab00000)
  object space 44032K, 11% used [0x00000000c0000000,0x00000000c04eaf20,0x00000000c2b00000)
 Metaspace       used 12708K, capacity 12916K, committed 13184K, reserved 1060864K
  class space    used 1563K, capacity 1617K, committed 1664K, reserved 1048576K

Card table byte_map: [0x0000000011a90000,0x0000000011ca0000] byte_map_base: 0x0000000011490000

Marking Bits: (ParMarkBitMap*) 0x000000006b9fa5b0
 Begin Bits: [0x0000000012120000, 0x0000000013120000)
 End Bits:   [0x0000000013120000, 0x0000000014120000)

Polling page: 0x0000000000130000

CodeCache: size=245760Kb used=5592Kb max_used=5592Kb free=240167Kb
 bounds [0x00000000026d0000, 0x0000000002c50000, 0x00000000116d0000]
 total_blobs=1920 nmethods=1602 adapters=231
 compilation: enabled

Compilation events (10 events):
Event: 2.675 Thread 0x0000000054cbb800 nmethod 1550 0x0000000002c16e90 code [0x0000000002c16fe0, 0x0000000002c170f0]
Event: 2.675 Thread 0x0000000054cbb800 1549       1       org.apache.maven.model.RepositoryBase::getLayout (5 bytes)
Event: 2.675 Thread 0x0000000054cbb800 nmethod 1549 0x0000000002c29a10 code [0x0000000002c29b60, 0x0000000002c29c70]
Event: 2.676 Thread 0x0000000054cbb800 1553       3       java.util.IdentityHashMap$IdentityHashMapIterator::hasNext (50 bytes)
Event: 2.676 Thread 0x0000000054cbb800 nmethod 1553 0x0000000002c29cd0 code [0x0000000002c29e40, 0x0000000002c2a0d0]
Event: 2.681 Thread 0x0000000054cbb800 1555       3       java.util.HashMap::put (13 bytes)
Event: 2.682 Thread 0x0000000054cbb800 nmethod 1555 0x0000000002c2a590 code [0x0000000002c2a720, 0x0000000002c2aad8]
Event: 2.683 Thread 0x0000000054cbb800 1556       1       org.codehaus.plexus.classworlds.realm.Entry::getPackageName (5 bytes)
Event: 2.683 Thread 0x0000000054cbb800 nmethod 1556 0x0000000002c2ac10 code [0x0000000002c2ad60, 0x0000000002c2ae70]
Event: 2.683 Thread 0x0000000054cbb800 1557       3       java.lang.String::compareTo (78 bytes)

GC Heap History (6 events):
Event: 0.720 GC heap before
{Heap before GC invocations=1 (full 0):
 PSYoungGen      total 18944K, used 16384K [0x00000000eab00000, 0x00000000ec000000, 0x0000000100000000)
  eden space 16384K, 100% used [0x00000000eab00000,0x00000000ebb00000,0x00000000ebb00000)
  from space 2560K, 0% used [0x00000000ebd80000,0x00000000ebd80000,0x00000000ec000000)
  to   space 2560K, 0% used [0x00000000ebb00000,0x00000000ebb00000,0x00000000ebd80000)
 ParOldGen       total 44032K, used 0K [0x00000000c0000000, 0x00000000c2b00000, 0x00000000eab00000)
  object space 44032K, 0% used [0x00000000c0000000,0x00000000c0000000,0x00000000c2b00000)
 Metaspace       used 6662K, capacity 6812K, committed 7040K, reserved 1056768K
  class space    used 817K, capacity 892K, committed 896K, reserved 1048576K
Event: 0.757 GC heap after
Heap after GC invocations=1 (full 0):
 PSYoungGen      total 18944K, used 2540K [0x00000000eab00000, 0x00000000ed000000, 0x0000000100000000)
  eden space 16384K, 0% used [0x00000000eab00000,0x00000000eab00000,0x00000000ebb00000)
  from space 2560K, 99% used [0x00000000ebb00000,0x00000000ebd7b0b8,0x00000000ebd80000)
  to   space 2560K, 0% used [0x00000000ecd80000,0x00000000ecd80000,0x00000000ed000000)
 ParOldGen       total 44032K, used 668K [0x00000000c0000000, 0x00000000c2b00000, 0x00000000eab00000)
  object space 44032K, 1% used [0x00000000c0000000,0x00000000c00a7260,0x00000000c2b00000)
 Metaspace       used 6662K, capacity 6812K, committed 7040K, reserved 1056768K
  class space    used 817K, capacity 892K, committed 896K, reserved 1048576K
}
Event: 1.037 GC heap before
{Heap before GC invocations=2 (full 0):
 PSYoungGen      total 18944K, used 18924K [0x00000000eab00000, 0x00000000ed000000, 0x0000000100000000)
  eden space 16384K, 100% used [0x00000000eab00000,0x00000000ebb00000,0x00000000ebb00000)
  from space 2560K, 99% used [0x00000000ebb00000,0x00000000ebd7b0b8,0x00000000ebd80000)
  to   space 2560K, 0% used [0x00000000ecd80000,0x00000000ecd80000,0x00000000ed000000)
 ParOldGen       total 44032K, used 668K [0x00000000c0000000, 0x00000000c2b00000, 0x00000000eab00000)
  object space 44032K, 1% used [0x00000000c0000000,0x00000000c00a7260,0x00000000c2b00000)
 Metaspace       used 7677K, capacity 7842K, committed 7936K, reserved 1056768K
  class space    used 966K, capacity 1021K, committed 1024K, reserved 1048576K
Event: 1.271 GC heap after
Heap after GC invocations=2 (full 0):
 PSYoungGen      total 35328K, used 2537K [0x00000000eab00000, 0x00000000ed000000, 0x0000000100000000)
  eden space 32768K, 0% used [0x00000000eab00000,0x00000000eab00000,0x00000000ecb00000)
  from space 2560K, 99% used [0x00000000ecd80000,0x00000000ecffa400,0x00000000ed000000)
  to   space 2560K, 0% used [0x00000000ecb00000,0x00000000ecb00000,0x00000000ecd80000)
 ParOldGen       total 44032K, used 740K [0x00000000c0000000, 0x00000000c2b00000, 0x00000000eab00000)
  object space 44032K, 1% used [0x00000000c0000000,0x00000000c00b9260,0x00000000c2b00000)
 Metaspace       used 7677K, capacity 7842K, committed 7936K, reserved 1056768K
  class space    used 966K, capacity 1021K, committed 1024K, reserved 1048576K
}
Event: 2.367 GC heap before
{Heap before GC invocations=3 (full 0):
 PSYoungGen      total 35328K, used 35305K [0x00000000eab00000, 0x00000000ed000000, 0x0000000100000000)
  eden space 32768K, 100% used [0x00000000eab00000,0x00000000ecb00000,0x00000000ecb00000)
  from space 2560K, 99% used [0x00000000ecd80000,0x00000000ecffa400,0x00000000ed000000)
  to   space 2560K, 0% used [0x00000000ecb00000,0x00000000ecb00000,0x00000000ecd80000)
 ParOldGen       total 44032K, used 740K [0x00000000c0000000, 0x00000000c2b00000, 0x00000000eab00000)
  object space 44032K, 1% used [0x00000000c0000000,0x00000000c00b9260,0x00000000c2b00000)
 Metaspace       used 12121K, capacity 12376K, committed 12672K, reserved 1060864K
  class space    used 1490K, capacity 1547K, committed 1664K, reserved 1048576K
Event: 2.407 GC heap after
Heap after GC invocations=3 (full 0):
 PSYoungGen      total 35328K, used 2532K [0x00000000eab00000, 0x00000000ef000000, 0x0000000100000000)
  eden space 32768K, 0% used [0x00000000eab00000,0x00000000eab00000,0x00000000ecb00000)
  from space 2560K, 98% used [0x00000000ecb00000,0x00000000ecd793b8,0x00000000ecd80000)
  to   space 2560K, 0% used [0x00000000eed80000,0x00000000eed80000,0x00000000ef000000)
 ParOldGen       total 44032K, used 5035K [0x00000000c0000000, 0x00000000c2b00000, 0x00000000eab00000)
  object space 44032K, 11% used [0x00000000c0000000,0x00000000c04eaf20,0x00000000c2b00000)
 Metaspace       used 12121K, capacity 12376K, committed 12672K, reserved 1060864K
  class space    used 1490K, capacity 1547K, committed 1664K, reserved 1048576K
}

Deoptimization events (10 events):
Event: 1.699 Thread 0x000000000214f000 Uncommon trap: reason=unstable_if action=reinterpret pc=0x000000000295a024 method=org.codehaus.plexus.util.xml.pull.MXParser.parseStartTag()I @ 443
Event: 1.835 Thread 0x000000000214f000 Uncommon trap: reason=unstable_if action=reinterpret pc=0x000000000287b424 method=java.lang.String.replace(CC)Ljava/lang/String; @ 2
Event: 2.120 Thread 0x000000000214f000 Uncommon trap: reason=unstable_if action=reinterpret pc=0x0000000002acf9d8 method=org.codehaus.plexus.util.xml.pull.MXParser.nextImpl()I @ 555
Event: 2.171 Thread 0x000000000214f000 Uncommon trap: reason=unstable_if action=reinterpret pc=0x0000000002aa3630 method=sun.nio.cs.UTF_8$Decoder.decode([BII[C)I @ 30
Event: 2.171 Thread 0x000000000214f000 Uncommon trap: reason=unstable_if action=reinterpret pc=0x00000000028ef028 method=sun.nio.cs.UTF_8$Decoder.decodeArrayLoop(Ljava/nio/ByteBuffer;Ljava/nio/CharBuffer;)Ljava/nio/charset/CoderResult; @ 84
Event: 2.234 Thread 0x000000000214f000 Uncommon trap: reason=unstable_if action=reinterpret pc=0x0000000002a62a28 method=java.util.HashMap.hash(Ljava/lang/Object;)I @ 1
Event: 2.234 Thread 0x000000000214f000 Uncommon trap: reason=unstable_if action=reinterpret pc=0x00000000029ae524 method=java.util.HashMap.hash(Ljava/lang/Object;)I @ 1
Event: 2.314 Thread 0x000000000214f000 Uncommon trap: reason=null_check action=make_not_entrant pc=0x0000000002b62984 method=org.apache.maven.model.io.xpp3.MavenXpp3Reader.checkFieldWithDuplicate(Lorg/codehaus/plexus/util/xml/pull/XmlPullParser;Ljava/lang/String;Ljava/lang/String;Ljava/util/Set=Ñÿ)Pc@
Event: 2.423 Thread 0x000000000214f000 Uncommon trap: reason=unstable_if action=reinterpret pc=0x0000000002b26328 method=org.codehaus.plexus.util.xml.pull.MXParser.nextImpl()I @ 912
Event: 2.677 Thread 0x000000000214f000 Uncommon trap: reason=unstable_if action=reinterpret pc=0x0000000002a399b4 method=java.util.HashMap.hash(Ljava/lang/Object;)I @ 1

Internal exceptions (10 events):
Event: 0.574 Thread 0x000000000214f000 Exception <a 'java/lang/ArrayIndexOutOfBoundsException'> (0x00000000eb77d618) thrown at [C:\workspace\8-2-build-windows-amd64-cygwin\jdk8u65\4987\hotspot\src\share\vm\runtime\sharedRuntime.cpp, line 605]
Event: 0.931 Thread 0x000000000214f000 Exception <a 'java/lang/ArrayIndexOutOfBoundsException'> (0x00000000eb611a18) thrown at [C:\workspace\8-2-build-windows-amd64-cygwin\jdk8u65\4987\hotspot\src\share\vm\runtime\sharedRuntime.cpp, line 605]
Event: 0.931 Thread 0x000000000214f000 Exception <a 'java/lang/ArrayIndexOutOfBoundsException'> (0x00000000eb6136c0) thrown at [C:\workspace\8-2-build-windows-amd64-cygwin\jdk8u65\4987\hotspot\src\share\vm\runtime\sharedRuntime.cpp, line 605]
Event: 1.035 Thread 0x000000000214f000 Exception <a 'java/lang/NoClassDefFoundError': org/slf4j/Logger> (0x00000000ebacf988) thrown at [C:\workspace\8-2-build-windows-amd64-cygwin\jdk8u65\4987\hotspot\src\share\vm\classfile\systemDictionary.cpp, line 199]
Event: 1.351 Thread 0x000000000214f000 Exception <a 'java/lang/NoClassDefFoundError': org/slf4j/LoggerFactory> (0x00000000eadadf10) thrown at [C:\workspace\8-2-build-windows-amd64-cygwin\jdk8u65\4987\hotspot\src\share\vm\classfile\systemDictionary.cpp, line 199]
Event: 1.351 Thread 0x000000000214f000 Exception <a 'java/lang/NoClassDefFoundError'> (0x00000000eadadf10) thrown at [C:\workspace\8-2-build-windows-amd64-cygwin\jdk8u65\4987\hotspot\src\share\vm\oops\instanceKlass.cpp, line 945]
Event: 2.234 Thread 0x000000000214f000 Implicit null exception at 0x0000000002a62845 to 0x0000000002a62a19
Event: 2.234 Thread 0x000000000214f000 Implicit null exception at 0x00000000029ae4af to 0x00000000029ae515
Event: 2.314 Thread 0x000000000214f000 Implicit null exception at 0x0000000002b6198c to 0x0000000002b62979
Event: 2.677 Thread 0x000000000214f000 Implicit null exception at 0x0000000002a392ab to 0x0000000002a39999

Events (10 events):
Event: 2.681 loading class org/apache/maven/model/PluginExecution
Event: 2.681 loading class org/apache/maven/model/PluginExecution done
Event: 2.681 loading class org/apache/maven/plugin/descriptor/MojoDescriptor
Event: 2.681 loading class org/apache/maven/plugin/descriptor/MojoDescriptor done
Event: 2.681 loading class org/apache/maven/plugin/descriptor/PluginDescriptor
Event: 2.681 loading class org/apache/maven/plugin/descriptor/PluginDescriptor done
Event: 2.682 loading class org/apache/maven/classrealm/ClassRealmManagerDelegate
Event: 2.682 loading class org/apache/maven/classrealm/ClassRealmManagerDelegate done
Event: 2.682 loading class org/codehaus/plexus/classworlds/realm/Entry
Event: 2.682 loading class org/codehaus/plexus/classworlds/realm/Entry done


Dynamic libraries:
0x000000013f9c0000 - 0x000000013f9f7000 	C:\Program Files\Java\jdk1.8.0_65\bin\java.exe
0x00000000772e0000 - 0x0000000077489000 	C:\Windows\SYSTEM32\ntdll.dll
0x00000000770c0000 - 0x00000000771df000 	C:\Windows\system32\kernel32.dll
0x000007fefd340000 - 0x000007fefd3ab000 	C:\Windows\system32\KERNELBASE.dll
0x000007fefef30000 - 0x000007feff00b000 	C:\Windows\system32\ADVAPI32.dll
0x000007fefdba0000 - 0x000007fefdc3f000 	C:\Windows\system32\msvcrt.dll
0x000007feff530000 - 0x000007feff54f000 	C:\Windows\SYSTEM32\sechost.dll
0x000007fefddf0000 - 0x000007fefdf1d000 	C:\Windows\system32\RPCRT4.dll
0x00000000771e0000 - 0x00000000772da000 	C:\Windows\system32\USER32.dll
0x000007fefd8f0000 - 0x000007fefd957000 	C:\Windows\system32\GDI32.dll
0x000007fefdf20000 - 0x000007fefdf2e000 	C:\Windows\system32\LPK.dll
0x000007fefecc0000 - 0x000007fefed89000 	C:\Windows\system32\USP10.dll
0x000007fefbc80000 - 0x000007fefbe74000 	C:\Windows\WinSxS\amd64_microsoft.windows.common-controls_6595b64144ccf1df_6.0.7601.17514_none_fa396087175ac9ac\COMCTL32.dll
0x000007fefdd70000 - 0x000007fefdde1000 	C:\Windows\system32\SHLWAPI.dll
0x000007feff010000 - 0x000007feff03e000 	C:\Windows\system32\IMM32.DLL
0x000007feff120000 - 0x000007feff229000 	C:\Windows\system32\MSCTF.dll
0x0000000071670000 - 0x0000000071742000 	C:\Program Files\Java\jdk1.8.0_65\jre\bin\msvcr100.dll
0x000000006b1f0000 - 0x000000006ba79000 	C:\Program Files\Java\jdk1.8.0_65\jre\bin\server\jvm.dll
0x000007fefa8b0000 - 0x000007fefa8b9000 	C:\Windows\system32\WSOCK32.dll
0x000007feff230000 - 0x000007feff27d000 	C:\Windows\system32\WS2_32.dll
0x000007fefd8e0000 - 0x000007fefd8e8000 	C:\Windows\system32\NSI.dll
0x000007fefb470000 - 0x000007fefb4ab000 	C:\Windows\system32\WINMM.dll
0x000007fefc380000 - 0x000007fefc38c000 	C:\Windows\system32\VERSION.dll
0x00000000774a0000 - 0x00000000774a7000 	C:\Windows\system32\PSAPI.DLL
0x00000000717e0000 - 0x00000000717ef000 	C:\Program Files\Java\jdk1.8.0_65\jre\bin\verify.dll
0x00000000717b0000 - 0x00000000717d9000 	C:\Program Files\Java\jdk1.8.0_65\jre\bin\java.dll
0x0000000071790000 - 0x00000000717a6000 	C:\Program Files\Java\jdk1.8.0_65\jre\bin\zip.dll
0x000007fefdf30000 - 0x000007fefecb8000 	C:\Windows\system32\SHELL32.dll
0x000007feff280000 - 0x000007feff483000 	C:\Windows\system32\ole32.dll
0x000007fefd230000 - 0x000007fefd23f000 	C:\Windows\system32\profapi.dll
0x000007fefd100000 - 0x000007fefd157000 	C:\Windows\system32\apphelp.dll
0x0000000071770000 - 0x000000007178a000 	C:\Program Files\Java\jdk1.8.0_65\jre\bin\net.dll
0x000007fefcaa0000 - 0x000007fefcaf5000 	C:\Windows\system32\mswsock.dll
0x000007fefca90000 - 0x000007fefca97000 	C:\Windows\System32\wship6.dll
0x0000000071750000 - 0x0000000071761000 	C:\Program Files\Java\jdk1.8.0_65\jre\bin\nio.dll
0x000007fef7420000 - 0x000007fef7545000 	C:\Windows\system32\dbghelp.dll

VM Arguments:
jvm_args: -Dclassworlds.conf=C:\Program Files\NetBeans 8.1\java\maven\bin\m2.conf -Dmaven.home=C:\Program Files\NetBeans 8.1\java\maven 
java_command: org.codehaus.plexus.classworlds.launcher.Launcher -Dmaven.ext.class.path=C:\Program Files\NetBeans 8.1\java\maven-nblib\netbeans-eventspy.jar -Dfile.encoding=UTF-8 clean install
java_class_path (initial): C:\Program Files\NetBeans 8.1\java\maven\boot\plexus-classworlds-2.4.jar
Launcher Type: SUN_STANDARD

Environment Variables:
JAVA_HOME=C:\Program Files\Java\jdk1.8.0_65
PATH=C:\ProgramData\Oracle\Java\javapath;C:\Windows\system32;C:\Windows;C:\Windows\System32\Wbem;C:\Windows\System32\WindowsPowerShell\v1.0\;C:\Program Files (x86)\Skype\Phone\;C:\Windows\system32\config\systemprofile\.dnx\bin;C:\Program Files\Microsoft DNX\Dnvm\;C:\Program Files\Microsoft SQL Server\120\Tools\Binn\
USERNAME=ra.grinfeld
OS=Windows_NT
PROCESSOR_IDENTIFIER=AMD64 Family 16 Model 6 Stepping 3, AuthenticAMD



---------------  S Y S T E M  ---------------

OS: Windows 7 , 64 bit Build 7601 (6.1.7601.18015)

CPU:total 2 (2 cores per cpu, 1 threads per core) family 16 model 6 stepping 3, cmov, cx8, fxsr, mmx, sse, sse2, sse3, popcnt, mmxext, 3dnowpref, lzcnt, sse4a, tsc, tscinvbit, tscinv

Memory: 4k page, physical 4192732k(1162980k free), swap 8383600k(4656328k free)

vm_info: Java HotSpot(TM) 64-Bit Server VM (25.65-b01) for windows-amd64 JRE (1.8.0_65-b17), built on Oct  6 2015 16:39:20 by "java_re" with MS VC++ 10.0 (VS2010)

time: Thu Mar 03 14:46:18 2016
elapsed time: 2 seconds (0d 0h 0m 2s)

